{"C:\\Users\\User\\Desktop\\白鹿CLI\\src\\config.ts": {"path":"C:\\Users\\User\\Desktop\\白鹿CLI\\src\\config.ts","statementMap":{"0":{"start":{"line":38,"column":0},"end":{"line":38,"column":16}},"1":{"start":{"line":92,"column":0},"end":{"line":92,"column":16}},"2":{"start":{"line":109,"column":0},"end":{"line":109,"column":16}},"3":{"start":{"line":143,"column":0},"end":{"line":143,"column":16}},"4":{"start":{"line":155,"column":0},"end":{"line":155,"column":16}},"5":{"start":{"line":168,"column":0},"end":{"line":168,"column":7}},"6":{"start":{"line":175,"column":0},"end":{"line":175,"column":7}},"7":{"start":{"line":179,"column":0},"end":{"line":179,"column":7}},"8":{"start":{"line":1,"column":0},"end":{"line":1,"column":20}},"9":{"start":{"line":2,"column":0},"end":{"line":2,"column":20}},"10":{"start":{"line":3,"column":0},"end":{"line":3,"column":24}},"11":{"start":{"line":4,"column":0},"end":{"line":4,"column":32}},"12":{"start":{"line":5,"column":0},"end":{"line":5,"column":61}},"13":{"start":{"line":18,"column":15},"end":{"line":18,"column":27}},"14":{"start":{"line":19,"column":17},"end":{"line":19,"column":45}},"15":{"start":{"line":20,"column":2},"end":{"line":20,"column":28}},"16":{"start":{"line":20,"column":14},"end":{"line":20,"column":28}},"17":{"start":{"line":22,"column":2},"end":{"line":25,"column":3}},"18":{"start":{"line":23,"column":20},"end":{"line":23,"column":80}},"19":{"start":{"line":24,"column":4},"end":{"line":24,"column":43}},"20":{"start":{"line":27,"column":14},"end":{"line":27,"column":71}},"21":{"start":{"line":28,"column":2},"end":{"line":28,"column":37}},"22":{"start":{"line":32,"column":2},"end":{"line":32,"column":50}},"23":{"start":{"line":39,"column":2},"end":{"line":39,"column":50}},"24":{"start":{"line":45,"column":0},"end":{"line":45,"column":9}},"25":{"start":{"line":45,"column":9},"end":{"line":45,"column":22}},"26":{"start":{"line":45,"column":22},"end":{"line":45,"column":38}},"27":{"start":{"line":45,"column":38},"end":{"line":45,"column":74}},"28":{"start":{"line":52,"column":26},"end":{"line":52,"column":77}},"29":{"start":{"line":55,"column":18},"end":{"line":55,"column":39}},"30":{"start":{"line":56,"column":2},"end":{"line":63,"column":3}},"31":{"start":{"line":57,"column":4},"end":{"line":62,"column":5}},"32":{"start":{"line":58,"column":25},"end":{"line":58,"column":53}},"33":{"start":{"line":59,"column":6},"end":{"line":61,"column":7}},"34":{"start":{"line":60,"column":8},"end":{"line":60,"column":26}},"35":{"start":{"line":66,"column":19},"end":{"line":66,"column":27}},"36":{"start":{"line":67,"column":2},"end":{"line":84,"column":3}},"37":{"start":{"line":69,"column":4},"end":{"line":76,"column":5}},"38":{"start":{"line":70,"column":6},"end":{"line":75,"column":7}},"39":{"start":{"line":71,"column":27},"end":{"line":71,"column":58}},"40":{"start":{"line":72,"column":8},"end":{"line":74,"column":9}},"41":{"start":{"line":73,"column":10},"end":{"line":73,"column":28}},"42":{"start":{"line":78,"column":22},"end":{"line":78,"column":46}},"43":{"start":{"line":79,"column":4},"end":{"line":82,"column":5}},"44":{"start":{"line":81,"column":6},"end":{"line":81,"column":12}},"45":{"start":{"line":83,"column":4},"end":{"line":83,"column":27}},"46":{"start":{"line":86,"column":2},"end":{"line":86,"column":14}},"47":{"start":{"line":93,"column":21},"end":{"line":93,"column":40}},"48":{"start":{"line":94,"column":2},"end":{"line":94,"column":29}},"49":{"start":{"line":94,"column":19},"end":{"line":94,"column":29}},"50":{"start":{"line":96,"column":2},"end":{"line":102,"column":3}},"51":{"start":{"line":97,"column":16},"end":{"line":97,"column":51}},"52":{"start":{"line":98,"column":19},"end":{"line":98,"column":52}},"53":{"start":{"line":99,"column":4},"end":{"line":99,"column":24}},"54":{"start":{"line":101,"column":4},"end":{"line":101,"column":14}},"55":{"start":{"line":111,"column":35},"end":{"line":118,"column":4}},"56":{"start":{"line":121,"column":36},"end":{"line":121,"column":38}},"57":{"start":{"line":122,"column":2},"end":{"line":122,"column":78}},"58":{"start":{"line":122,"column":33},"end":{"line":122,"column":78}},"59":{"start":{"line":123,"column":2},"end":{"line":123,"column":81}},"60":{"start":{"line":123,"column":34},"end":{"line":123,"column":81}},"61":{"start":{"line":124,"column":2},"end":{"line":124,"column":73}},"62":{"start":{"line":124,"column":31},"end":{"line":124,"column":73}},"63":{"start":{"line":125,"column":2},"end":{"line":125,"column":83}},"64":{"start":{"line":125,"column":30},"end":{"line":125,"column":83}},"65":{"start":{"line":128,"column":21},"end":{"line":128,"column":36}},"66":{"start":{"line":131,"column":24},"end":{"line":131,"column":43}},"67":{"start":{"line":134,"column":2},"end":{"line":140,"column":4}},"68":{"start":{"line":144,"column":12},"end":{"line":144,"column":27}},"69":{"start":{"line":145,"column":2},"end":{"line":145,"column":35}},"70":{"start":{"line":145,"column":25},"end":{"line":145,"column":35}},"71":{"start":{"line":146,"column":2},"end":{"line":152,"column":3}},"72":{"start":{"line":147,"column":16},"end":{"line":147,"column":42}},"73":{"start":{"line":148,"column":19},"end":{"line":148,"column":52}},"74":{"start":{"line":149,"column":4},"end":{"line":149,"column":24}},"75":{"start":{"line":151,"column":4},"end":{"line":151,"column":14}},"76":{"start":{"line":156,"column":14},"end":{"line":156,"column":28}},"77":{"start":{"line":157,"column":2},"end":{"line":159,"column":3}},"78":{"start":{"line":158,"column":4},"end":{"line":158,"column":43}},"79":{"start":{"line":160,"column":19},"end":{"line":160,"column":34}},"80":{"start":{"line":161,"column":17},"end":{"line":161,"column":43}},"81":{"start":{"line":162,"column":2},"end":{"line":162,"column":77}},"82":{"start":{"line":169,"column":2},"end":{"line":169,"column":25}},"83":{"start":{"line":176,"column":2},"end":{"line":176,"column":24}},"84":{"start":{"line":180,"column":18},"end":{"line":180,"column":43}},"85":{"start":{"line":181,"column":2},"end":{"line":183,"column":3}},"86":{"start":{"line":182,"column":4},"end":{"line":182,"column":26}},"87":{"start":{"line":185,"column":14},"end":{"line":185,"column":29}},"88":{"start":{"line":186,"column":2},"end":{"line":188,"column":3}},"89":{"start":{"line":187,"column":4},"end":{"line":187,"column":29}},"90":{"start":{"line":190,"column":2},"end":{"line":192,"column":3}},"91":{"start":{"line":191,"column":4},"end":{"line":191,"column":66}},"92":{"start":{"line":194,"column":13},"end":{"line":197,"column":4}},"93":{"start":{"line":199,"column":17},"end":{"line":203,"column":4}},"94":{"start":{"line":200,"column":4},"end":{"line":202,"column":7}},"95":{"start":{"line":201,"column":6},"end":{"line":201,"column":29}},"96":{"start":{"line":205,"column":2},"end":{"line":205,"column":13}},"97":{"start":{"line":207,"column":2},"end":{"line":209,"column":3}},"98":{"start":{"line":208,"column":4},"end":{"line":208,"column":36}},"99":{"start":{"line":211,"column":2},"end":{"line":211,"column":28}},"100":{"start":{"line":212,"column":2},"end":{"line":212,"column":16}}},"fnMap":{"0":{"name":"getConfigDir","decl":{"start":{"line":17,"column":9},"end":{"line":17,"column":21}},"loc":{"start":{"line":17,"column":21},"end":{"line":29,"column":1}}},"1":{"name":"getConfigPath","decl":{"start":{"line":31,"column":9},"end":{"line":31,"column":22}},"loc":{"start":{"line":31,"column":22},"end":{"line":33,"column":1}}},"2":{"name":"getHistoryPath","decl":{"start":{"line":38,"column":16},"end":{"line":38,"column":30}},"loc":{"start":{"line":38,"column":30},"end":{"line":40,"column":1}}},"3":{"name":"(anonymous_4)","decl":{"start":{"line":45,"column":9},"end":{"line":45,"column":20}},"loc":{"start":{"line":45,"column":9},"end":{"line":45,"column":22}}},"4":{"name":"(anonymous_5)","decl":{"start":{"line":45,"column":22},"end":{"line":45,"column":36}},"loc":{"start":{"line":45,"column":22},"end":{"line":45,"column":38}}},"5":{"name":"(anonymous_6)","decl":{"start":{"line":45,"column":38},"end":{"line":45,"column":49}},"loc":{"start":{"line":45,"column":38},"end":{"line":45,"column":74}}},"6":{"name":"findProjectConfig","decl":{"start":{"line":51,"column":9},"end":{"line":51,"column":26}},"loc":{"start":{"line":51,"column":59},"end":{"line":87,"column":1}}},"7":{"name":"loadProjectConfig","decl":{"start":{"line":92,"column":16},"end":{"line":92,"column":33}},"loc":{"start":{"line":92,"column":33},"end":{"line":103,"column":1}}},"8":{"name":"mergeConfigs","decl":{"start":{"line":109,"column":16},"end":{"line":109,"column":28}},"loc":{"start":{"line":109,"column":66},"end":{"line":141,"column":1}}},"9":{"name":"loadCliConfig","decl":{"start":{"line":143,"column":16},"end":{"line":143,"column":29}},"loc":{"start":{"line":143,"column":29},"end":{"line":153,"column":1}}},"10":{"name":"saveCliConfig","decl":{"start":{"line":155,"column":16},"end":{"line":155,"column":29}},"loc":{"start":{"line":155,"column":52},"end":{"line":163,"column":1}}},"11":{"name":"getConfig","decl":{"start":{"line":168,"column":22},"end":{"line":168,"column":31}},"loc":{"start":{"line":168,"column":31},"end":{"line":170,"column":1}}},"12":{"name":"saveConfig","decl":{"start":{"line":175,"column":22},"end":{"line":175,"column":32}},"loc":{"start":{"line":175,"column":55},"end":{"line":177,"column":1}}},"13":{"name":"ensureApiKeyInteractive","decl":{"start":{"line":179,"column":22},"end":{"line":179,"column":45}},"loc":{"start":{"line":179,"column":45},"end":{"line":213,"column":1}}},"14":{"name":"(anonymous_15)","decl":{"start":{"line":199,"column":43},"end":{"line":199,"column":44}},"loc":{"start":{"line":199,"column":55},"end":{"line":203,"column":3}}},"15":{"name":"(anonymous_16)","decl":{"start":{"line":200,"column":47},"end":{"line":200,"column":48}},"loc":{"start":{"line":200,"column":58},"end":{"line":202,"column":5}}}},"branchMap":{"0":{"loc":{"start":{"line":20,"column":2},"end":{"line":20,"column":28}},"type":"if","locations":[{"start":{"line":20,"column":2},"end":{"line":20,"column":28}},{"start":{},"end":{}}]},"1":{"loc":{"start":{"line":22,"column":2},"end":{"line":25,"column":3}},"type":"if","locations":[{"start":{"line":22,"column":2},"end":{"line":25,"column":3}},{"start":{},"end":{}}]},"2":{"loc":{"start":{"line":23,"column":20},"end":{"line":23,"column":80}},"type":"binary-expr","locations":[{"start":{"line":23,"column":20},"end":{"line":23,"column":39}},{"start":{"line":23,"column":43},"end":{"line":23,"column":80}}]},"3":{"loc":{"start":{"line":27,"column":14},"end":{"line":27,"column":71}},"type":"binary-expr","locations":[{"start":{"line":27,"column":14},"end":{"line":27,"column":41}},{"start":{"line":27,"column":45},"end":{"line":27,"column":71}}]},"4":{"loc":{"start":{"line":51,"column":27},"end":{"line":51,"column":59}},"type":"default-arg","locations":[{"start":{"line":51,"column":46},"end":{"line":51,"column":59}}]},"5":{"loc":{"start":{"line":56,"column":2},"end":{"line":63,"column":3}},"type":"if","locations":[{"start":{"line":56,"column":2},"end":{"line":63,"column":3}},{"start":{},"end":{}}]},"6":{"loc":{"start":{"line":59,"column":6},"end":{"line":61,"column":7}},"type":"if","locations":[{"start":{"line":59,"column":6},"end":{"line":61,"column":7}},{"start":{},"end":{}}]},"7":{"loc":{"start":{"line":69,"column":4},"end":{"line":76,"column":5}},"type":"if","locations":[{"start":{"line":69,"column":4},"end":{"line":76,"column":5}},{"start":{},"end":{}}]},"8":{"loc":{"start":{"line":72,"column":8},"end":{"line":74,"column":9}},"type":"if","locations":[{"start":{"line":72,"column":8},"end":{"line":74,"column":9}},{"start":{},"end":{}}]},"9":{"loc":{"start":{"line":79,"column":4},"end":{"line":82,"column":5}},"type":"if","locations":[{"start":{"line":79,"column":4},"end":{"line":82,"column":5}},{"start":{},"end":{}}]},"10":{"loc":{"start":{"line":94,"column":2},"end":{"line":94,"column":29}},"type":"if","locations":[{"start":{"line":94,"column":2},"end":{"line":94,"column":29}},{"start":{},"end":{}}]},"11":{"loc":{"start":{"line":99,"column":11},"end":{"line":99,"column":23}},"type":"binary-expr","locations":[{"start":{"line":99,"column":11},"end":{"line":99,"column":17}},{"start":{"line":99,"column":21},"end":{"line":99,"column":23}}]},"12":{"loc":{"start":{"line":109,"column":29},"end":{"line":109,"column":66}},"type":"default-arg","locations":[{"start":{"line":109,"column":64},"end":{"line":109,"column":66}}]},"13":{"loc":{"start":{"line":122,"column":2},"end":{"line":122,"column":78}},"type":"if","locations":[{"start":{"line":122,"column":2},"end":{"line":122,"column":78}},{"start":{},"end":{}}]},"14":{"loc":{"start":{"line":123,"column":2},"end":{"line":123,"column":81}},"type":"if","locations":[{"start":{"line":123,"column":2},"end":{"line":123,"column":81}},{"start":{},"end":{}}]},"15":{"loc":{"start":{"line":124,"column":2},"end":{"line":124,"column":73}},"type":"if","locations":[{"start":{"line":124,"column":2},"end":{"line":124,"column":73}},{"start":{},"end":{}}]},"16":{"loc":{"start":{"line":125,"column":2},"end":{"line":125,"column":83}},"type":"if","locations":[{"start":{"line":125,"column":2},"end":{"line":125,"column":83}},{"start":{},"end":{}}]},"17":{"loc":{"start":{"line":145,"column":2},"end":{"line":145,"column":35}},"type":"if","locations":[{"start":{"line":145,"column":2},"end":{"line":145,"column":35}},{"start":{},"end":{}}]},"18":{"loc":{"start":{"line":149,"column":11},"end":{"line":149,"column":23}},"type":"binary-expr","locations":[{"start":{"line":149,"column":11},"end":{"line":149,"column":17}},{"start":{"line":149,"column":21},"end":{"line":149,"column":23}}]},"19":{"loc":{"start":{"line":157,"column":2},"end":{"line":159,"column":3}},"type":"if","locations":[{"start":{"line":157,"column":2},"end":{"line":159,"column":3}},{"start":{},"end":{}}]},"20":{"loc":{"start":{"line":181,"column":2},"end":{"line":183,"column":3}},"type":"if","locations":[{"start":{"line":181,"column":2},"end":{"line":183,"column":3}},{"start":{},"end":{}}]},"21":{"loc":{"start":{"line":181,"column":6},"end":{"line":181,"column":31}},"type":"binary-expr","locations":[{"start":{"line":181,"column":6},"end":{"line":181,"column":13}},{"start":{"line":181,"column":17},"end":{"line":181,"column":31}}]},"22":{"loc":{"start":{"line":186,"column":2},"end":{"line":188,"column":3}},"type":"if","locations":[{"start":{"line":186,"column":2},"end":{"line":188,"column":3}},{"start":{},"end":{}}]},"23":{"loc":{"start":{"line":186,"column":6},"end":{"line":186,"column":37}},"type":"binary-expr","locations":[{"start":{"line":186,"column":6},"end":{"line":186,"column":16}},{"start":{"line":186,"column":20},"end":{"line":186,"column":37}}]},"24":{"loc":{"start":{"line":190,"column":2},"end":{"line":192,"column":3}},"type":"if","locations":[{"start":{"line":190,"column":2},"end":{"line":192,"column":3}},{"start":{},"end":{}}]},"25":{"loc":{"start":{"line":207,"column":2},"end":{"line":209,"column":3}},"type":"if","locations":[{"start":{"line":207,"column":2},"end":{"line":209,"column":3}},{"start":{},"end":{}}]}},"s":{"0":1,"1":1,"2":1,"3":1,"4":1,"5":1,"6":1,"7":1,"8":1,"9":1,"10":1,"11":1,"12":1,"13":15,"14":15,"15":15,"16":1,"17":14,"18":14,"19":14,"20":0,"21":0,"22":11,"23":2,"24":1,"25":1,"26":1,"27":1,"28":4,"29":4,"30":4,"31":0,"32":0,"33":0,"34":0,"35":4,"36":4,"37":20,"38":20,"39":60,"40":60,"41":0,"42":20,"43":20,"44":4,"45":16,"46":4,"47":4,"48":4,"49":4,"50":0,"51":0,"52":0,"53":0,"54":0,"55":4,"56":4,"57":4,"58":2,"59":4,"60":0,"61":4,"62":2,"63":4,"64":1,"65":4,"66":4,"67":4,"68":9,"69":9,"70":6,"71":3,"72":3,"73":3,"74":2,"75":1,"76":2,"77":2,"78":1,"79":2,"80":2,"81":2,"82":0,"83":0,"84":0,"85":0,"86":0,"87":0,"88":0,"89":0,"90":0,"91":0,"92":0,"93":0,"94":0,"95":0,"96":0,"97":0,"98":0,"99":0,"100":0},"f":{"0":15,"1":11,"2":2,"3":0,"4":0,"5":0,"6":4,"7":4,"8":4,"9":9,"10":2,"11":0,"12":0,"13":0,"14":0,"15":0},"b":{"0":[1,14],"1":[14,0],"2":[14,0],"3":[0,0],"4":[4],"5":[0,4],"6":[0,0],"7":[20,0],"8":[0,60],"9":[4,16],"10":[4,0],"11":[0,0],"12":[2],"13":[2,2],"14":[0,4],"15":[2,2],"16":[1,3],"17":[6,3],"18":[2,0],"19":[1,1],"20":[0,0],"21":[0,0],"22":[0,0],"23":[0,0],"24":[0,0],"25":[0,0]}}
,"C:\\Users\\User\\Desktop\\白鹿CLI\\src\\llm\\client.ts": {"path":"C:\\Users\\User\\Desktop\\白鹿CLI\\src\\llm\\client.ts","statementMap":{"0":{"start":{"line":11,"column":33},"end":{"line":21,"column":2}},"1":{"start":{"line":27,"column":23},"end":{"line":27,"column":36}},"2":{"start":{"line":28,"column":2},"end":{"line":28,"column":78}},"3":{"start":{"line":28,"column":50},"end":{"line":28,"column":76}},"4":{"start":{"line":43,"column":24},"end":{"line":43,"column":38}},"5":{"start":{"line":45,"column":2},"end":{"line":74,"column":3}},"6":{"start":{"line":45,"column":21},"end":{"line":45,"column":22}},"7":{"start":{"line":46,"column":4},"end":{"line":73,"column":5}},"8":{"start":{"line":47,"column":6},"end":{"line":47,"column":24}},"9":{"start":{"line":49,"column":6},"end":{"line":49,"column":76}},"10":{"start":{"line":52,"column":28},"end":{"line":52,"column":57}},"11":{"start":{"line":53,"column":6},"end":{"line":55,"column":7}},"12":{"start":{"line":54,"column":8},"end":{"line":54,"column":14}},"13":{"start":{"line":58,"column":6},"end":{"line":61,"column":7}},"14":{"start":{"line":60,"column":8},"end":{"line":60,"column":24}},"15":{"start":{"line":64,"column":31},"end":{"line":64,"column":64}},"16":{"start":{"line":66,"column":21},"end":{"line":66,"column":72}},"17":{"start":{"line":67,"column":20},"end":{"line":67,"column":58}},"18":{"start":{"line":69,"column":6},"end":{"line":69,"column":107}},"19":{"start":{"line":70,"column":6},"end":{"line":70,"column":48}},"20":{"start":{"line":72,"column":6},"end":{"line":72,"column":65}},"21":{"start":{"line":72,"column":37},"end":{"line":72,"column":63}},"22":{"start":{"line":77,"column":2},"end":{"line":79,"column":4}},"23":{"start":{"line":133,"column":38},"end":{"line":133,"column":43}},"24":{"start":{"line":134,"column":47},"end":{"line":134,"column":56}},"25":{"start":{"line":137,"column":19},"end":{"line":137,"column":44}},"26":{"start":{"line":138,"column":21},"end":{"line":138,"column":44}},"27":{"start":{"line":139,"column":20},"end":{"line":139,"column":46}},"28":{"start":{"line":141,"column":19},"end":{"line":141,"column":43}},"29":{"start":{"line":142,"column":4},"end":{"line":144,"column":5}},"30":{"start":{"line":143,"column":6},"end":{"line":143,"column":70}},"31":{"start":{"line":146,"column":4},"end":{"line":146,"column":25}},"32":{"start":{"line":147,"column":4},"end":{"line":147,"column":59}},"33":{"start":{"line":148,"column":4},"end":{"line":148,"column":84}},"34":{"start":{"line":155,"column":4},"end":{"line":155,"column":22}},"35":{"start":{"line":162,"column":4},"end":{"line":164,"column":5}},"36":{"start":{"line":163,"column":6},"end":{"line":163,"column":13}},"37":{"start":{"line":166,"column":4},"end":{"line":228,"column":5}},"38":{"start":{"line":168,"column":21},"end":{"line":168,"column":44}},"39":{"start":{"line":170,"column":6},"end":{"line":172,"column":7}},"40":{"start":{"line":171,"column":8},"end":{"line":171,"column":37}},"41":{"start":{"line":175,"column":35},"end":{"line":175,"column":67}},"42":{"start":{"line":177,"column":6},"end":{"line":222,"column":7}},"43":{"start":{"line":178,"column":25},"end":{"line":178,"column":35}},"44":{"start":{"line":181,"column":32},"end":{"line":191,"column":10}},"45":{"start":{"line":194,"column":43},"end":{"line":194,"column":47}},"46":{"start":{"line":195,"column":8},"end":{"line":203,"column":9}},"47":{"start":{"line":196,"column":10},"end":{"line":202,"column":11}},"48":{"start":{"line":197,"column":27},"end":{"line":197,"column":54}},"49":{"start":{"line":198,"column":12},"end":{"line":201,"column":13}},"50":{"start":{"line":199,"column":14},"end":{"line":199,"column":36}},"51":{"start":{"line":200,"column":14},"end":{"line":200,"column":20}},"52":{"start":{"line":206,"column":8},"end":{"line":214,"column":9}},"53":{"start":{"line":207,"column":10},"end":{"line":213,"column":11}},"54":{"start":{"line":208,"column":27},"end":{"line":208,"column":54}},"55":{"start":{"line":209,"column":12},"end":{"line":212,"column":13}},"56":{"start":{"line":210,"column":14},"end":{"line":210,"column":36}},"57":{"start":{"line":211,"column":14},"end":{"line":211,"column":20}},"58":{"start":{"line":216,"column":8},"end":{"line":221,"column":9}},"59":{"start":{"line":217,"column":10},"end":{"line":217,"column":37}},"60":{"start":{"line":218,"column":10},"end":{"line":218,"column":92}},"61":{"start":{"line":220,"column":10},"end":{"line":220,"column":52}},"62":{"start":{"line":224,"column":6},"end":{"line":224,"column":35}},"63":{"start":{"line":227,"column":6},"end":{"line":227,"column":35}},"64":{"start":{"line":237,"column":4},"end":{"line":239,"column":5}},"65":{"start":{"line":238,"column":6},"end":{"line":238,"column":45}},"66":{"start":{"line":241,"column":4},"end":{"line":267,"column":5}},"67":{"start":{"line":242,"column":18},"end":{"line":242,"column":71}},"68":{"start":{"line":243,"column":23},"end":{"line":254,"column":8}},"69":{"start":{"line":257,"column":23},"end":{"line":257,"column":34}},"70":{"start":{"line":260,"column":6},"end":{"line":260,"column":47}},"71":{"start":{"line":262,"column":6},"end":{"line":262,"column":22}},"72":{"start":{"line":265,"column":6},"end":{"line":265,"column":44}},"73":{"start":{"line":266,"column":6},"end":{"line":266,"column":19}},"74":{"start":{"line":272,"column":4},"end":{"line":272,"column":38}},"75":{"start":{"line":274,"column":16},"end":{"line":274,"column":69}},"76":{"start":{"line":276,"column":22},"end":{"line":280,"column":6}},"77":{"start":{"line":278,"column":37},"end":{"line":278,"column":73}},"78":{"start":{"line":283,"column":4},"end":{"line":294,"column":5}},"79":{"start":{"line":284,"column":6},"end":{"line":284,"column":25}},"80":{"start":{"line":286,"column":6},"end":{"line":286,"column":32}},"81":{"start":{"line":289,"column":6},"end":{"line":293,"column":7}},"82":{"start":{"line":290,"column":8},"end":{"line":290,"column":59}},"83":{"start":{"line":291,"column":8},"end":{"line":291,"column":91}},"84":{"start":{"line":291,"column":59},"end":{"line":291,"column":75}},"85":{"start":{"line":292,"column":8},"end":{"line":292,"column":49}},"86":{"start":{"line":297,"column":21},"end":{"line":328,"column":6}},"87":{"start":{"line":298,"column":18},"end":{"line":305,"column":8}},"88":{"start":{"line":308,"column":6},"end":{"line":325,"column":7}},"89":{"start":{"line":309,"column":21},"end":{"line":309,"column":53}},"90":{"start":{"line":309,"column":50},"end":{"line":309,"column":52}},"91":{"start":{"line":310,"column":23},"end":{"line":310,"column":56}},"92":{"start":{"line":312,"column":8},"end":{"line":322,"column":9}},"93":{"start":{"line":313,"column":25},"end":{"line":313,"column":92}},"94":{"start":{"line":314,"column":10},"end":{"line":319,"column":11}},"95":{"start":{"line":315,"column":12},"end":{"line":315,"column":44}},"96":{"start":{"line":316,"column":12},"end":{"line":318,"column":13}},"97":{"start":{"line":317,"column":14},"end":{"line":317,"column":68}},"98":{"start":{"line":321,"column":10},"end":{"line":321,"column":44}},"99":{"start":{"line":321,"column":20},"end":{"line":321,"column":44}},"100":{"start":{"line":324,"column":8},"end":{"line":324,"column":34}},"101":{"start":{"line":327,"column":6},"end":{"line":327,"column":17}},"102":{"start":{"line":332,"column":4},"end":{"line":338,"column":5}},"103":{"start":{"line":333,"column":6},"end":{"line":333,"column":63}},"104":{"start":{"line":336,"column":23},"end":{"line":336,"column":77}},"105":{"start":{"line":337,"column":6},"end":{"line":337,"column":165}},"106":{"start":{"line":339,"column":19},"end":{"line":339,"column":36}},"107":{"start":{"line":342,"column":4},"end":{"line":361,"column":5}},"108":{"start":{"line":343,"column":20},"end":{"line":343,"column":48}},"109":{"start":{"line":344,"column":6},"end":{"line":344,"column":32}},"110":{"start":{"line":346,"column":6},"end":{"line":357,"column":7}},"111":{"start":{"line":347,"column":25},"end":{"line":347,"column":65}},"112":{"start":{"line":348,"column":21},"end":{"line":350,"column":70}},"113":{"start":{"line":352,"column":8},"end":{"line":352,"column":51}},"114":{"start":{"line":353,"column":8},"end":{"line":355,"column":9}},"115":{"start":{"line":354,"column":10},"end":{"line":354,"column":65}},"116":{"start":{"line":356,"column":8},"end":{"line":356,"column":33}},"117":{"start":{"line":359,"column":6},"end":{"line":359,"column":29}},"118":{"start":{"line":360,"column":6},"end":{"line":360,"column":21}},"119":{"start":{"line":363,"column":20},"end":{"line":363,"column":50}},"120":{"start":{"line":364,"column":4},"end":{"line":364,"column":19}},"121":{"start":{"line":369,"column":4},"end":{"line":369,"column":38}},"122":{"start":{"line":371,"column":16},"end":{"line":371,"column":69}},"123":{"start":{"line":373,"column":22},"end":{"line":377,"column":6}},"124":{"start":{"line":375,"column":37},"end":{"line":375,"column":73}},"125":{"start":{"line":380,"column":4},"end":{"line":403,"column":5}},"126":{"start":{"line":381,"column":6},"end":{"line":381,"column":25}},"127":{"start":{"line":383,"column":6},"end":{"line":383,"column":32}},"128":{"start":{"line":386,"column":6},"end":{"line":402,"column":7}},"129":{"start":{"line":387,"column":8},"end":{"line":387,"column":66}},"130":{"start":{"line":390,"column":8},"end":{"line":401,"column":11}},"131":{"start":{"line":390,"column":8},"end":{"line":390,"column":21}},"132":{"start":{"line":391,"column":31},"end":{"line":399,"column":12}},"133":{"start":{"line":393,"column":48},"end":{"line":396,"column":14}},"134":{"start":{"line":400,"column":10},"end":{"line":400,"column":126}},"135":{"start":{"line":405,"column":21},"end":{"line":412,"column":6}},"136":{"start":{"line":414,"column":4},"end":{"line":434,"column":5}},"137":{"start":{"line":415,"column":19},"end":{"line":415,"column":56}},"138":{"start":{"line":415,"column":53},"end":{"line":415,"column":55}},"139":{"start":{"line":417,"column":18},"end":{"line":417,"column":20}},"140":{"start":{"line":418,"column":6},"end":{"line":429,"column":7}},"141":{"start":{"line":419,"column":23},"end":{"line":419,"column":90}},"142":{"start":{"line":420,"column":8},"end":{"line":426,"column":9}},"143":{"start":{"line":421,"column":10},"end":{"line":421,"column":39}},"144":{"start":{"line":422,"column":10},"end":{"line":425,"column":11}},"145":{"start":{"line":423,"column":12},"end":{"line":423,"column":63}},"146":{"start":{"line":424,"column":12},"end":{"line":424,"column":87}},"147":{"start":{"line":431,"column":22},"end":{"line":431,"column":77}},"148":{"start":{"line":432,"column":21},"end":{"line":432,"column":34}},"149":{"start":{"line":433,"column":6},"end":{"line":433,"column":66}},"150":{"start":{"line":436,"column":4},"end":{"line":438,"column":5}},"151":{"start":{"line":437,"column":6},"end":{"line":437,"column":44}},"152":{"start":{"line":440,"column":19},"end":{"line":440,"column":44}},"153":{"start":{"line":441,"column":20},"end":{"line":441,"column":44}},"154":{"start":{"line":442,"column":17},"end":{"line":442,"column":19}},"155":{"start":{"line":444,"column":4},"end":{"line":474,"column":5}},"156":{"start":{"line":445,"column":6},"end":{"line":471,"column":7}},"157":{"start":{"line":446,"column":32},"end":{"line":446,"column":51}},"158":{"start":{"line":447,"column":8},"end":{"line":447,"column":24}},"159":{"start":{"line":447,"column":18},"end":{"line":447,"column":24}},"160":{"start":{"line":449,"column":8},"end":{"line":449,"column":58}},"161":{"start":{"line":450,"column":22},"end":{"line":450,"column":40}},"162":{"start":{"line":451,"column":8},"end":{"line":451,"column":35}},"163":{"start":{"line":453,"column":8},"end":{"line":470,"column":9}},"164":{"start":{"line":454,"column":26},"end":{"line":454,"column":37}},"165":{"start":{"line":455,"column":10},"end":{"line":455,"column":63}},"166":{"start":{"line":455,"column":54},"end":{"line":455,"column":63}},"167":{"start":{"line":457,"column":10},"end":{"line":469,"column":11}},"168":{"start":{"line":458,"column":28},"end":{"line":458,"column":44}},"169":{"start":{"line":459,"column":12},"end":{"line":468,"column":13}},"170":{"start":{"line":460,"column":28},"end":{"line":460,"column":62}},"171":{"start":{"line":461,"column":28},"end":{"line":461,"column":53}},"172":{"start":{"line":462,"column":14},"end":{"line":464,"column":15}},"173":{"start":{"line":463,"column":16},"end":{"line":463,"column":36}},"174":{"start":{"line":467,"column":14},"end":{"line":467,"column":23}},"175":{"start":{"line":473,"column":6},"end":{"line":473,"column":27}},"176":{"start":{"line":478,"column":16},"end":{"line":478,"column":59}},"177":{"start":{"line":479,"column":21},"end":{"line":485,"column":6}},"178":{"start":{"line":487,"column":4},"end":{"line":490,"column":5}},"179":{"start":{"line":488,"column":19},"end":{"line":488,"column":56}},"180":{"start":{"line":488,"column":53},"end":{"line":488,"column":55}},"181":{"start":{"line":489,"column":6},"end":{"line":489,"column":91}},"182":{"start":{"line":492,"column":18},"end":{"line":492,"column":39}},"183":{"start":{"line":493,"column":17},"end":{"line":493,"column":47}},"184":{"start":{"line":494,"column":4},"end":{"line":494,"column":33}},"185":{"start":{"line":494,"column":27},"end":{"line":494,"column":31}},"186":{"start":{"line":129,"column":0},"end":{"line":129,"column":13}}},"fnMap":{"0":{"name":"isRetryableError","decl":{"start":{"line":26,"column":9},"end":{"line":26,"column":25}},"loc":{"start":{"line":26,"column":38},"end":{"line":29,"column":1}}},"1":{"name":"(anonymous_10)","decl":{"start":{"line":28,"column":39},"end":{"line":28,"column":46}},"loc":{"start":{"line":28,"column":50},"end":{"line":28,"column":76}}},"2":{"name":"fetchWithRetry","decl":{"start":{"line":37,"column":15},"end":{"line":37,"column":29}},"loc":{"start":{"line":40,"column":27},"end":{"line":80,"column":1}}},"3":{"name":"(anonymous_12)","decl":{"start":{"line":72,"column":24},"end":{"line":72,"column":25}},"loc":{"start":{"line":72,"column":37},"end":{"line":72,"column":63}}},"4":{"name":"(anonymous_13)","decl":{"start":{"line":136,"column":2},"end":{"line":136,"column":14}},"loc":{"start":{"line":136,"column":39},"end":{"line":149,"column":3}}},"5":{"name":"(anonymous_14)","decl":{"start":{"line":154,"column":2},"end":{"line":154,"column":14}},"loc":{"start":{"line":154,"column":14},"end":{"line":156,"column":3}}},"6":{"name":"(anonymous_15)","decl":{"start":{"line":161,"column":10},"end":{"line":161,"column":15}},"loc":{"start":{"line":161,"column":36},"end":{"line":229,"column":3}}},"7":{"name":"(anonymous_16)","decl":{"start":{"line":235,"column":10},"end":{"line":235,"column":15}},"loc":{"start":{"line":235,"column":41},"end":{"line":268,"column":3}}},"8":{"name":"(anonymous_17)","decl":{"start":{"line":270,"column":2},"end":{"line":270,"column":7}},"loc":{"start":{"line":270,"column":67},"end":{"line":365,"column":3}}},"9":{"name":"(anonymous_18)","decl":{"start":{"line":278,"column":29},"end":{"line":278,"column":30}},"loc":{"start":{"line":278,"column":37},"end":{"line":278,"column":73}}},"10":{"name":"(anonymous_19)","decl":{"start":{"line":291,"column":47},"end":{"line":291,"column":48}},"loc":{"start":{"line":291,"column":59},"end":{"line":291,"column":75}}},"11":{"name":"(anonymous_20)","decl":{"start":{"line":297,"column":42},"end":{"line":297,"column":47}},"loc":{"start":{"line":297,"column":53},"end":{"line":328,"column":5}}},"12":{"name":"(anonymous_21)","decl":{"start":{"line":309,"column":44},"end":{"line":309,"column":47}},"loc":{"start":{"line":309,"column":50},"end":{"line":309,"column":52}}},"13":{"name":"(anonymous_22)","decl":{"start":{"line":367,"column":2},"end":{"line":367,"column":7}},"loc":{"start":{"line":367,"column":58},"end":{"line":475,"column":3}}},"14":{"name":"(anonymous_23)","decl":{"start":{"line":375,"column":29},"end":{"line":375,"column":30}},"loc":{"start":{"line":375,"column":37},"end":{"line":375,"column":73}}},"15":{"name":"(anonymous_24)","decl":{"start":{"line":390,"column":8},"end":{"line":390,"column":15}},"loc":{"start":{"line":390,"column":8},"end":{"line":390,"column":21}}},"16":{"name":"(anonymous_25)","decl":{"start":{"line":390,"column":26},"end":{"line":390,"column":27}},"loc":{"start":{"line":390,"column":33},"end":{"line":401,"column":9}}},"17":{"name":"(anonymous_26)","decl":{"start":{"line":393,"column":35},"end":{"line":393,"column":36}},"loc":{"start":{"line":393,"column":48},"end":{"line":396,"column":14}}},"18":{"name":"(anonymous_27)","decl":{"start":{"line":415,"column":47},"end":{"line":415,"column":50}},"loc":{"start":{"line":415,"column":53},"end":{"line":415,"column":55}}},"19":{"name":"(anonymous_28)","decl":{"start":{"line":477,"column":2},"end":{"line":477,"column":7}},"loc":{"start":{"line":477,"column":18},"end":{"line":495,"column":3}}},"20":{"name":"(anonymous_29)","decl":{"start":{"line":488,"column":47},"end":{"line":488,"column":50}},"loc":{"start":{"line":488,"column":53},"end":{"line":488,"column":55}}},"21":{"name":"(anonymous_30)","decl":{"start":{"line":494,"column":20},"end":{"line":494,"column":21}},"loc":{"start":{"line":494,"column":27},"end":{"line":494,"column":31}}}},"branchMap":{"0":{"loc":{"start":{"line":39,"column":2},"end":{"line":39,"column":24}},"type":"default-arg","locations":[{"start":{"line":39,"column":23},"end":{"line":39,"column":24}}]},"1":{"loc":{"start":{"line":40,"column":2},"end":{"line":40,"column":27}},"type":"default-arg","locations":[{"start":{"line":40,"column":23},"end":{"line":40,"column":27}}]},"2":{"loc":{"start":{"line":49,"column":18},"end":{"line":49,"column":75}},"type":"cond-expr","locations":[{"start":{"line":49,"column":43},"end":{"line":49,"column":48}},{"start":{"line":49,"column":51},"end":{"line":49,"column":75}}]},"3":{"loc":{"start":{"line":53,"column":6},"end":{"line":55,"column":7}},"type":"if","locations":[{"start":{"line":53,"column":6},"end":{"line":55,"column":7}},{"start":{},"end":{}}]},"4":{"loc":{"start":{"line":58,"column":6},"end":{"line":61,"column":7}},"type":"if","locations":[{"start":{"line":58,"column":6},"end":{"line":61,"column":7}},{"start":{},"end":{}}]},"5":{"loc":{"start":{"line":78,"column":48},"end":{"line":78,"column":76}},"type":"binary-expr","locations":[{"start":{"line":78,"column":48},"end":{"line":78,"column":66}},{"start":{"line":78,"column":70},"end":{"line":78,"column":76}}]},"6":{"loc":{"start":{"line":141,"column":19},"end":{"line":141,"column":43}},"type":"binary-expr","locations":[{"start":{"line":141,"column":19},"end":{"line":141,"column":33}},{"start":{"line":141,"column":37},"end":{"line":141,"column":43}}]},"7":{"loc":{"start":{"line":142,"column":4},"end":{"line":144,"column":5}},"type":"if","locations":[{"start":{"line":142,"column":4},"end":{"line":144,"column":5}},{"start":{},"end":{}}]},"8":{"loc":{"start":{"line":147,"column":17},"end":{"line":147,"column":58}},"type":"binary-expr","locations":[{"start":{"line":147,"column":17},"end":{"line":147,"column":30}},{"start":{"line":147,"column":34},"end":{"line":147,"column":42}},{"start":{"line":147,"column":46},"end":{"line":147,"column":58}}]},"9":{"loc":{"start":{"line":148,"column":19},"end":{"line":148,"column":83}},"type":"binary-expr","locations":[{"start":{"line":148,"column":19},"end":{"line":148,"column":34}},{"start":{"line":148,"column":38},"end":{"line":148,"column":45}},{"start":{"line":148,"column":49},"end":{"line":148,"column":83}}]},"10":{"loc":{"start":{"line":162,"column":4},"end":{"line":164,"column":5}},"type":"if","locations":[{"start":{"line":162,"column":4},"end":{"line":164,"column":5}},{"start":{},"end":{}}]},"11":{"loc":{"start":{"line":170,"column":6},"end":{"line":172,"column":7}},"type":"if","locations":[{"start":{"line":170,"column":6},"end":{"line":172,"column":7}},{"start":{},"end":{}}]},"12":{"loc":{"start":{"line":177,"column":6},"end":{"line":222,"column":7}},"type":"if","locations":[{"start":{"line":177,"column":6},"end":{"line":222,"column":7}},{"start":{},"end":{}}]},"13":{"loc":{"start":{"line":196,"column":10},"end":{"line":202,"column":11}},"type":"if","locations":[{"start":{"line":196,"column":10},"end":{"line":202,"column":11}},{"start":{},"end":{}}]},"14":{"loc":{"start":{"line":198,"column":12},"end":{"line":201,"column":13}},"type":"if","locations":[{"start":{"line":198,"column":12},"end":{"line":201,"column":13}},{"start":{},"end":{}}]},"15":{"loc":{"start":{"line":206,"column":8},"end":{"line":214,"column":9}},"type":"if","locations":[{"start":{"line":206,"column":8},"end":{"line":214,"column":9}},{"start":{},"end":{}}]},"16":{"loc":{"start":{"line":209,"column":12},"end":{"line":212,"column":13}},"type":"if","locations":[{"start":{"line":209,"column":12},"end":{"line":212,"column":13}},{"start":{},"end":{}}]},"17":{"loc":{"start":{"line":216,"column":8},"end":{"line":221,"column":9}},"type":"if","locations":[{"start":{"line":216,"column":8},"end":{"line":221,"column":9}},{"start":{"line":219,"column":15},"end":{"line":221,"column":9}}]},"18":{"loc":{"start":{"line":237,"column":4},"end":{"line":239,"column":5}},"type":"if","locations":[{"start":{"line":237,"column":4},"end":{"line":239,"column":5}},{"start":{},"end":{}}]},"19":{"loc":{"start":{"line":270,"column":38},"end":{"line":270,"column":52}},"type":"default-arg","locations":[{"start":{"line":270,"column":47},"end":{"line":270,"column":52}}]},"20":{"loc":{"start":{"line":283,"column":4},"end":{"line":294,"column":5}},"type":"if","locations":[{"start":{"line":283,"column":4},"end":{"line":294,"column":5}},{"start":{},"end":{}}]},"21":{"loc":{"start":{"line":283,"column":8},"end":{"line":283,"column":33}},"type":"binary-expr","locations":[{"start":{"line":283,"column":8},"end":{"line":283,"column":13}},{"start":{"line":283,"column":17},"end":{"line":283,"column":33}}]},"22":{"loc":{"start":{"line":289,"column":6},"end":{"line":293,"column":7}},"type":"if","locations":[{"start":{"line":289,"column":6},"end":{"line":293,"column":7}},{"start":{},"end":{}}]},"23":{"loc":{"start":{"line":289,"column":10},"end":{"line":289,"column":60}},"type":"binary-expr","locations":[{"start":{"line":289,"column":10},"end":{"line":289,"column":33}},{"start":{"line":289,"column":37},"end":{"line":289,"column":60}}]},"24":{"loc":{"start":{"line":308,"column":6},"end":{"line":325,"column":7}},"type":"if","locations":[{"start":{"line":308,"column":6},"end":{"line":325,"column":7}},{"start":{},"end":{}}]},"25":{"loc":{"start":{"line":314,"column":10},"end":{"line":319,"column":11}},"type":"if","locations":[{"start":{"line":314,"column":10},"end":{"line":319,"column":11}},{"start":{},"end":{}}]},"26":{"loc":{"start":{"line":316,"column":12},"end":{"line":318,"column":13}},"type":"if","locations":[{"start":{"line":316,"column":12},"end":{"line":318,"column":13}},{"start":{},"end":{}}]},"27":{"loc":{"start":{"line":321,"column":10},"end":{"line":321,"column":44}},"type":"if","locations":[{"start":{"line":321,"column":10},"end":{"line":321,"column":44}},{"start":{},"end":{}}]},"28":{"loc":{"start":{"line":336,"column":23},"end":{"line":336,"column":77}},"type":"cond-expr","locations":[{"start":{"line":336,"column":48},"end":{"line":336,"column":61}},{"start":{"line":336,"column":64},"end":{"line":336,"column":77}}]},"29":{"loc":{"start":{"line":342,"column":4},"end":{"line":361,"column":5}},"type":"if","locations":[{"start":{"line":342,"column":4},"end":{"line":361,"column":5}},{"start":{},"end":{}}]},"30":{"loc":{"start":{"line":342,"column":8},"end":{"line":342,"column":75}},"type":"binary-expr","locations":[{"start":{"line":342,"column":8},"end":{"line":342,"column":35}},{"start":{"line":342,"column":39},"end":{"line":342,"column":75}}]},"31":{"loc":{"start":{"line":343,"column":20},"end":{"line":343,"column":48}},"type":"binary-expr","locations":[{"start":{"line":343,"column":20},"end":{"line":343,"column":42}},{"start":{"line":343,"column":46},"end":{"line":343,"column":48}}]},"32":{"loc":{"start":{"line":347,"column":25},"end":{"line":347,"column":65}},"type":"binary-expr","locations":[{"start":{"line":347,"column":25},"end":{"line":347,"column":48}},{"start":{"line":347,"column":52},"end":{"line":347,"column":65}}]},"33":{"loc":{"start":{"line":348,"column":21},"end":{"line":350,"column":70}},"type":"cond-expr","locations":[{"start":{"line":349,"column":12},"end":{"line":349,"column":51}},{"start":{"line":350,"column":13},"end":{"line":350,"column":69}}]},"34":{"loc":{"start":{"line":350,"column":13},"end":{"line":350,"column":69}},"type":"binary-expr","locations":[{"start":{"line":350,"column":13},"end":{"line":350,"column":41}},{"start":{"line":350,"column":45},"end":{"line":350,"column":63}},{"start":{"line":350,"column":67},"end":{"line":350,"column":69}}]},"35":{"loc":{"start":{"line":363,"column":20},"end":{"line":363,"column":50}},"type":"binary-expr","locations":[{"start":{"line":363,"column":20},"end":{"line":363,"column":44}},{"start":{"line":363,"column":48},"end":{"line":363,"column":50}}]},"36":{"loc":{"start":{"line":380,"column":4},"end":{"line":403,"column":5}},"type":"if","locations":[{"start":{"line":380,"column":4},"end":{"line":403,"column":5}},{"start":{},"end":{}}]},"37":{"loc":{"start":{"line":380,"column":8},"end":{"line":380,"column":33}},"type":"binary-expr","locations":[{"start":{"line":380,"column":8},"end":{"line":380,"column":13}},{"start":{"line":380,"column":17},"end":{"line":380,"column":33}}]},"38":{"loc":{"start":{"line":386,"column":6},"end":{"line":402,"column":7}},"type":"if","locations":[{"start":{"line":386,"column":6},"end":{"line":402,"column":7}},{"start":{},"end":{}}]},"39":{"loc":{"start":{"line":386,"column":10},"end":{"line":386,"column":60}},"type":"binary-expr","locations":[{"start":{"line":386,"column":10},"end":{"line":386,"column":33}},{"start":{"line":386,"column":37},"end":{"line":386,"column":60}}]},"40":{"loc":{"start":{"line":395,"column":23},"end":{"line":395,"column":145}},"type":"cond-expr","locations":[{"start":{"line":395,"column":55},"end":{"line":395,"column":133}},{"start":{"line":395,"column":136},"end":{"line":395,"column":145}}]},"41":{"loc":{"start":{"line":395,"column":86},"end":{"line":395,"column":132}},"type":"cond-expr","locations":[{"start":{"line":395,"column":111},"end":{"line":395,"column":127}},{"start":{"line":395,"column":130},"end":{"line":395,"column":132}}]},"42":{"loc":{"start":{"line":414,"column":4},"end":{"line":434,"column":5}},"type":"if","locations":[{"start":{"line":414,"column":4},"end":{"line":434,"column":5}},{"start":{},"end":{}}]},"43":{"loc":{"start":{"line":420,"column":8},"end":{"line":426,"column":9}},"type":"if","locations":[{"start":{"line":420,"column":8},"end":{"line":426,"column":9}},{"start":{},"end":{}}]},"44":{"loc":{"start":{"line":422,"column":10},"end":{"line":425,"column":11}},"type":"if","locations":[{"start":{"line":422,"column":10},"end":{"line":425,"column":11}},{"start":{},"end":{}}]},"45":{"loc":{"start":{"line":432,"column":21},"end":{"line":432,"column":34}},"type":"binary-expr","locations":[{"start":{"line":432,"column":21},"end":{"line":432,"column":26}},{"start":{"line":432,"column":30},"end":{"line":432,"column":34}}]},"46":{"loc":{"start":{"line":433,"column":22},"end":{"line":433,"column":64}},"type":"cond-expr","locations":[{"start":{"line":433,"column":31},"end":{"line":433,"column":54}},{"start":{"line":433,"column":57},"end":{"line":433,"column":64}}]},"47":{"loc":{"start":{"line":436,"column":4},"end":{"line":438,"column":5}},"type":"if","locations":[{"start":{"line":436,"column":4},"end":{"line":438,"column":5}},{"start":{},"end":{}}]},"48":{"loc":{"start":{"line":447,"column":8},"end":{"line":447,"column":24}},"type":"if","locations":[{"start":{"line":447,"column":8},"end":{"line":447,"column":24}},{"start":{},"end":{}}]},"49":{"loc":{"start":{"line":451,"column":17},"end":{"line":451,"column":34}},"type":"binary-expr","locations":[{"start":{"line":451,"column":17},"end":{"line":451,"column":28}},{"start":{"line":451,"column":32},"end":{"line":451,"column":34}}]},"50":{"loc":{"start":{"line":455,"column":10},"end":{"line":455,"column":63}},"type":"if","locations":[{"start":{"line":455,"column":10},"end":{"line":455,"column":63}},{"start":{},"end":{}}]},"51":{"loc":{"start":{"line":455,"column":14},"end":{"line":455,"column":52}},"type":"binary-expr","locations":[{"start":{"line":455,"column":14},"end":{"line":455,"column":22}},{"start":{"line":455,"column":26},"end":{"line":455,"column":52}}]},"52":{"loc":{"start":{"line":457,"column":10},"end":{"line":469,"column":11}},"type":"if","locations":[{"start":{"line":457,"column":10},"end":{"line":469,"column":11}},{"start":{},"end":{}}]},"53":{"loc":{"start":{"line":462,"column":14},"end":{"line":464,"column":15}},"type":"if","locations":[{"start":{"line":462,"column":14},"end":{"line":464,"column":15}},{"start":{},"end":{}}]},"54":{"loc":{"start":{"line":487,"column":4},"end":{"line":490,"column":5}},"type":"if","locations":[{"start":{"line":487,"column":4},"end":{"line":490,"column":5}},{"start":{},"end":{}}]},"55":{"loc":{"start":{"line":493,"column":17},"end":{"line":493,"column":47}},"type":"binary-expr","locations":[{"start":{"line":493,"column":17},"end":{"line":493,"column":26}},{"start":{"line":493,"column":30},"end":{"line":493,"column":41}},{"start":{"line":493,"column":45},"end":{"line":493,"column":47}}]}},"s":{"0":1,"1":1,"2":1,"3":9,"4":4,"5":4,"6":4,"7":4,"8":4,"9":1,"10":1,"11":1,"12":0,"13":1,"14":1,"15":0,"16":0,"17":0,"18":0,"19":0,"20":0,"21":0,"22":0,"23":14,"24":14,"25":14,"26":14,"27":14,"28":14,"29":14,"30":1,"31":13,"32":13,"33":13,"34":4,"35":4,"36":0,"37":4,"38":4,"39":3,"40":3,"41":0,"42":0,"43":0,"44":0,"45":0,"46":0,"47":0,"48":0,"49":0,"50":0,"51":0,"52":0,"53":0,"54":0,"55":0,"56":0,"57":0,"58":0,"59":0,"60":0,"61":0,"62":0,"63":4,"64":0,"65":0,"66":0,"67":0,"68":0,"69":0,"70":0,"71":0,"72":0,"73":0,"74":4,"75":4,"76":4,"77":4,"78":4,"79":1,"80":1,"81":1,"82":0,"83":0,"84":0,"85":0,"86":4,"87":4,"88":4,"89":1,"90":0,"91":1,"92":1,"93":1,"94":1,"95":1,"96":1,"97":0,"98":0,"99":0,"100":1,"101":3,"102":3,"103":3,"104":0,"105":0,"106":3,"107":3,"108":1,"109":1,"110":1,"111":1,"112":1,"113":1,"114":1,"115":1,"116":1,"117":1,"118":1,"119":2,"120":2,"121":0,"122":0,"123":0,"124":0,"125":0,"126":0,"127":0,"128":0,"129":0,"130":0,"131":0,"132":0,"133":0,"134":0,"135":0,"136":0,"137":0,"138":0,"139":0,"140":0,"141":0,"142":0,"143":0,"144":0,"145":0,"146":0,"147":0,"148":0,"149":0,"150":0,"151":0,"152":0,"153":0,"154":0,"155":0,"156":0,"157":0,"158":0,"159":0,"160":0,"161":0,"162":0,"163":0,"164":0,"165":0,"166":0,"167":0,"168":0,"169":0,"170":0,"171":0,"172":0,"173":0,"174":0,"175":0,"176":7,"177":7,"178":7,"179":2,"180":0,"181":2,"182":5,"183":5,"184":5,"185":3,"186":1},"f":{"0":1,"1":9,"2":4,"3":0,"4":14,"5":4,"6":4,"7":0,"8":4,"9":4,"10":0,"11":4,"12":0,"13":0,"14":0,"15":0,"16":0,"17":0,"18":0,"19":7,"20":0,"21":3},"b":{"0":[4],"1":[4],"2":[1,0],"3":[0,1],"4":[1,0],"5":[0,0],"6":[14,2],"7":[1,13],"8":[13,11,11],"9":[13,12,12],"10":[0,4],"11":[3,0],"12":[0,0],"13":[0,0],"14":[0,0],"15":[0,0],"16":[0,0],"17":[0,0],"18":[0,0],"19":[3],"20":[1,3],"21":[4,1],"22":[0,1],"23":[1,1],"24":[1,3],"25":[1,0],"26":[0,1],"27":[0,0],"28":[0,0],"29":[1,2],"30":[3,1],"31":[1,1],"32":[1,0],"33":[1,0],"34":[0,0,0],"35":[2,0],"36":[0,0],"37":[0,0],"38":[0,0],"39":[0,0],"40":[0,0],"41":[0,0],"42":[0,0],"43":[0,0],"44":[0,0],"45":[0,0],"46":[0,0],"47":[0,0],"48":[0,0],"49":[0,0],"50":[0,0],"51":[0,0],"52":[0,0],"53":[0,0],"54":[2,5],"55":[5,3,3]}}
,"C:\\Users\\User\\Desktop\\白鹿CLI\\src\\tools\\parser.ts": {"path":"C:\\Users\\User\\Desktop\\白鹿CLI\\src\\tools\\parser.ts","statementMap":{"0":{"start":{"line":11,"column":0},"end":{"line":11,"column":16}},"1":{"start":{"line":88,"column":0},"end":{"line":88,"column":16}},"2":{"start":{"line":15,"column":32},"end":{"line":15,"column":34}},"3":{"start":{"line":16,"column":20},"end":{"line":16,"column":27}},"4":{"start":{"line":19,"column":22},"end":{"line":19,"column":53}},"5":{"start":{"line":20,"column":24},"end":{"line":20,"column":65}},"6":{"start":{"line":22,"column":2},"end":{"line":25,"column":3}},"7":{"start":{"line":24,"column":4},"end":{"line":24,"column":42}},"8":{"start":{"line":28,"column":2},"end":{"line":28,"column":56}},"9":{"start":{"line":30,"column":2},"end":{"line":80,"column":3}},"10":{"start":{"line":31,"column":26},"end":{"line":31,"column":34}},"11":{"start":{"line":34,"column":24},"end":{"line":34,"column":72}},"12":{"start":{"line":35,"column":26},"end":{"line":35,"column":73}},"13":{"start":{"line":37,"column":4},"end":{"line":79,"column":5}},"14":{"start":{"line":38,"column":23},"end":{"line":38,"column":37}},"15":{"start":{"line":39,"column":28},"end":{"line":39,"column":42}},"16":{"start":{"line":43,"column":42},"end":{"line":43,"column":44}},"17":{"start":{"line":44,"column":25},"end":{"line":44,"column":71}},"18":{"start":{"line":45,"column":27},"end":{"line":45,"column":73}},"19":{"start":{"line":47,"column":6},"end":{"line":73,"column":7}},"20":{"start":{"line":48,"column":26},"end":{"line":48,"column":39}},"21":{"start":{"line":49,"column":30},"end":{"line":49,"column":50}},"22":{"start":{"line":52,"column":27},"end":{"line":52,"column":75}},"23":{"start":{"line":53,"column":8},"end":{"line":55,"column":9}},"24":{"start":{"line":54,"column":10},"end":{"line":54,"column":37}},"25":{"start":{"line":58,"column":8},"end":{"line":70,"column":9}},"26":{"start":{"line":59,"column":10},"end":{"line":63,"column":11}},"27":{"start":{"line":60,"column":12},"end":{"line":60,"column":48}},"28":{"start":{"line":64,"column":15},"end":{"line":70,"column":9}},"29":{"start":{"line":65,"column":10},"end":{"line":65,"column":28}},"30":{"start":{"line":66,"column":15},"end":{"line":70,"column":9}},"31":{"start":{"line":67,"column":10},"end":{"line":67,"column":29}},"32":{"start":{"line":68,"column":15},"end":{"line":70,"column":9}},"33":{"start":{"line":69,"column":10},"end":{"line":69,"column":42}},"34":{"start":{"line":72,"column":8},"end":{"line":72,"column":39}},"35":{"start":{"line":75,"column":6},"end":{"line":78,"column":9}},"36":{"start":{"line":82,"column":2},"end":{"line":82,"column":36}},"37":{"start":{"line":89,"column":2},"end":{"line":91,"column":3}},"38":{"start":{"line":90,"column":4},"end":{"line":90,"column":18}},"39":{"start":{"line":92,"column":2},"end":{"line":92,"column":41}}},"fnMap":{"0":{"name":"parseToolCalls","decl":{"start":{"line":11,"column":16},"end":{"line":11,"column":30}},"loc":{"start":{"line":11,"column":46},"end":{"line":83,"column":1}}},"1":{"name":"formatToolResult","decl":{"start":{"line":88,"column":16},"end":{"line":88,"column":32}},"loc":{"start":{"line":88,"column":62},"end":{"line":93,"column":1}}}},"branchMap":{"0":{"loc":{"start":{"line":22,"column":2},"end":{"line":25,"column":3}},"type":"if","locations":[{"start":{"line":22,"column":2},"end":{"line":25,"column":3}},{"start":{},"end":{}}]},"1":{"loc":{"start":{"line":53,"column":8},"end":{"line":55,"column":9}},"type":"if","locations":[{"start":{"line":53,"column":8},"end":{"line":55,"column":9}},{"start":{},"end":{}}]},"2":{"loc":{"start":{"line":58,"column":8},"end":{"line":70,"column":9}},"type":"if","locations":[{"start":{"line":58,"column":8},"end":{"line":70,"column":9}},{"start":{"line":64,"column":15},"end":{"line":70,"column":9}}]},"3":{"loc":{"start":{"line":58,"column":12},"end":{"line":58,"column":68}},"type":"binary-expr","locations":[{"start":{"line":58,"column":12},"end":{"line":58,"column":38}},{"start":{"line":58,"column":42},"end":{"line":58,"column":68}}]},"4":{"loc":{"start":{"line":64,"column":15},"end":{"line":70,"column":9}},"type":"if","locations":[{"start":{"line":64,"column":15},"end":{"line":70,"column":9}},{"start":{"line":66,"column":15},"end":{"line":70,"column":9}}]},"5":{"loc":{"start":{"line":66,"column":15},"end":{"line":70,"column":9}},"type":"if","locations":[{"start":{"line":66,"column":15},"end":{"line":70,"column":9}},{"start":{"line":68,"column":15},"end":{"line":70,"column":9}}]},"6":{"loc":{"start":{"line":68,"column":15},"end":{"line":70,"column":9}},"type":"if","locations":[{"start":{"line":68,"column":15},"end":{"line":70,"column":9}},{"start":{},"end":{}}]},"7":{"loc":{"start":{"line":68,"column":19},"end":{"line":68,"column":66}},"type":"binary-expr","locations":[{"start":{"line":68,"column":19},"end":{"line":68,"column":45}},{"start":{"line":68,"column":49},"end":{"line":68,"column":66}}]},"8":{"loc":{"start":{"line":89,"column":2},"end":{"line":91,"column":3}},"type":"if","locations":[{"start":{"line":89,"column":2},"end":{"line":91,"column":3}},{"start":{},"end":{}}]}},"s":{"0":1,"1":1,"2":12,"3":12,"4":12,"5":12,"6":12,"7":1,"8":11,"9":11,"10":11,"11":11,"12":11,"13":11,"14":12,"15":12,"16":12,"17":12,"18":12,"19":12,"20":16,"21":16,"22":16,"23":16,"24":0,"25":16,"26":0,"27":0,"28":16,"29":1,"30":15,"31":1,"32":14,"33":2,"34":16,"35":12,"36":11,"37":0,"38":0,"39":0},"f":{"0":12,"1":0},"b":{"0":[1,11],"1":[0,16],"2":[0,16],"3":[16,16],"4":[1,15],"5":[1,14],"6":[2,12],"7":[14,2],"8":[0,0]}}
,"C:\\Users\\User\\Desktop\\白鹿CLI\\src\\utils\\git.ts": {"path":"C:\\Users\\User\\Desktop\\白鹿CLI\\src\\utils\\git.ts","statementMap":{"0":{"start":{"line":12,"column":0},"end":{"line":12,"column":16}},"1":{"start":{"line":32,"column":0},"end":{"line":32,"column":16}},"2":{"start":{"line":41,"column":0},"end":{"line":41,"column":16}},"3":{"start":{"line":51,"column":0},"end":{"line":51,"column":16}},"4":{"start":{"line":4,"column":0},"end":{"line":4,"column":20}},"5":{"start":{"line":5,"column":0},"end":{"line":5,"column":24}},"6":{"start":{"line":13,"column":16},"end":{"line":13,"column":38}},"7":{"start":{"line":14,"column":15},"end":{"line":14,"column":39}},"8":{"start":{"line":16,"column":2},"end":{"line":22,"column":3}},"9":{"start":{"line":17,"column":19},"end":{"line":17,"column":45}},"10":{"start":{"line":18,"column":4},"end":{"line":20,"column":5}},"11":{"start":{"line":19,"column":6},"end":{"line":19,"column":21}},"12":{"start":{"line":21,"column":4},"end":{"line":21,"column":36}},"13":{"start":{"line":24,"column":2},"end":{"line":24,"column":14}},"14":{"start":{"line":33,"column":2},"end":{"line":33,"column":35}},"15":{"start":{"line":42,"column":2},"end":{"line":42,"column":43}},"16":{"start":{"line":52,"column":15},"end":{"line":52,"column":61}},"17":{"start":{"line":53,"column":2},"end":{"line":55,"column":3}},"18":{"start":{"line":54,"column":4},"end":{"line":54,"column":20}},"19":{"start":{"line":56,"column":2},"end":{"line":56,"column":39}}},"fnMap":{"0":{"name":"findGitRoot","decl":{"start":{"line":12,"column":16},"end":{"line":12,"column":27}},"loc":{"start":{"line":12,"column":60},"end":{"line":25,"column":1}}},"1":{"name":"isInGitRepo","decl":{"start":{"line":32,"column":16},"end":{"line":32,"column":27}},"loc":{"start":{"line":32,"column":55},"end":{"line":34,"column":1}}},"2":{"name":"getProjectRoot","decl":{"start":{"line":41,"column":16},"end":{"line":41,"column":30}},"loc":{"start":{"line":41,"column":63},"end":{"line":43,"column":1}}},"3":{"name":"getRelativeToGitRoot","decl":{"start":{"line":51,"column":16},"end":{"line":51,"column":36}},"loc":{"start":{"line":51,"column":71},"end":{"line":57,"column":1}}}},"branchMap":{"0":{"loc":{"start":{"line":12,"column":28},"end":{"line":12,"column":60}},"type":"default-arg","locations":[{"start":{"line":12,"column":47},"end":{"line":12,"column":60}}]},"1":{"loc":{"start":{"line":18,"column":4},"end":{"line":20,"column":5}},"type":"if","locations":[{"start":{"line":18,"column":4},"end":{"line":20,"column":5}},{"start":{},"end":{}}]},"2":{"loc":{"start":{"line":32,"column":28},"end":{"line":32,"column":55}},"type":"default-arg","locations":[{"start":{"line":32,"column":42},"end":{"line":32,"column":55}}]},"3":{"loc":{"start":{"line":41,"column":31},"end":{"line":41,"column":63}},"type":"default-arg","locations":[{"start":{"line":41,"column":50},"end":{"line":41,"column":63}}]},"4":{"loc":{"start":{"line":42,"column":9},"end":{"line":42,"column":42}},"type":"binary-expr","locations":[{"start":{"line":42,"column":9},"end":{"line":42,"column":30}},{"start":{"line":42,"column":34},"end":{"line":42,"column":42}}]},"5":{"loc":{"start":{"line":52,"column":15},"end":{"line":52,"column":61}},"type":"binary-expr","locations":[{"start":{"line":52,"column":15},"end":{"line":52,"column":22}},{"start":{"line":52,"column":26},"end":{"line":52,"column":61}}]},"6":{"loc":{"start":{"line":53,"column":2},"end":{"line":55,"column":3}},"type":"if","locations":[{"start":{"line":53,"column":2},"end":{"line":55,"column":3}},{"start":{},"end":{}}]}},"s":{"0":2,"1":2,"2":2,"3":2,"4":2,"5":2,"6":11,"7":11,"8":11,"9":47,"10":47,"11":3,"12":44,"13":8,"14":2,"15":2,"16":2,"17":2,"18":1,"19":1},"f":{"0":11,"1":2,"2":2,"3":2},"b":{"0":[0],"1":[3,44],"2":[0],"3":[0],"4":[2,1],"5":[2,1],"6":[1,1]}}
}
