TN:
SF:src\config.ts
FN:17,getConfigDir
FN:31,getConfigPath
FN:38,getHistoryPath
FN:45,(anonymous_4)
FN:45,(anonymous_5)
FN:45,(anonymous_6)
FN:51,findProjectConfig
FN:92,loadProjectConfig
FN:109,mergeConfigs
FN:143,loadCliConfig
FN:155,saveCliConfig
FN:168,getConfig
FN:175,saveConfig
FN:179,ensureApiKeyInteractive
FN:199,(anonymous_15)
FN:200,(anonymous_16)
FNF:16
FNH:8
FNDA:15,getConfigDir
FNDA:11,getConfigPath
FNDA:2,getHistoryPath
FNDA:0,(anonymous_4)
FNDA:0,(anonymous_5)
FNDA:0,(anonymous_6)
FNDA:4,findProjectConfig
FNDA:4,loadProjectConfig
FNDA:4,mergeConfigs
FNDA:9,loadCliConfig
FNDA:2,saveCliConfig
FNDA:0,getConfig
FNDA:0,saveConfig
FNDA:0,ensureApiKeyInteractive
FNDA:0,(anonymous_15)
FNDA:0,(anonymous_16)
DA:1,1
DA:2,1
DA:3,1
DA:4,1
DA:5,1
DA:18,15
DA:19,15
DA:20,15
DA:22,14
DA:23,14
DA:24,14
DA:27,0
DA:28,0
DA:32,11
DA:38,1
DA:39,2
DA:45,1
DA:52,4
DA:55,4
DA:56,4
DA:57,0
DA:58,0
DA:59,0
DA:60,0
DA:66,4
DA:67,4
DA:69,20
DA:70,20
DA:71,60
DA:72,60
DA:73,0
DA:78,20
DA:79,20
DA:81,4
DA:83,16
DA:86,4
DA:92,1
DA:93,4
DA:94,4
DA:96,0
DA:97,0
DA:98,0
DA:99,0
DA:101,0
DA:109,1
DA:111,4
DA:121,4
DA:122,4
DA:123,4
DA:124,4
DA:125,4
DA:128,4
DA:131,4
DA:134,4
DA:143,1
DA:144,9
DA:145,9
DA:146,3
DA:147,3
DA:148,3
DA:149,2
DA:151,1
DA:155,1
DA:156,2
DA:157,2
DA:158,1
DA:160,2
DA:161,2
DA:162,2
DA:168,1
DA:169,0
DA:175,1
DA:176,0
DA:179,1
DA:180,0
DA:181,0
DA:182,0
DA:185,0
DA:186,0
DA:187,0
DA:190,0
DA:191,0
DA:194,0
DA:199,0
DA:200,0
DA:201,0
DA:205,0
DA:207,0
DA:208,0
DA:211,0
DA:212,0
LF:91
LH:60
BRDA:20,0,0,1
BRDA:20,0,1,14
BRDA:22,1,0,14
BRDA:22,1,1,0
BRDA:23,2,0,14
BRDA:23,2,1,0
BRDA:27,3,0,0
BRDA:27,3,1,0
BRDA:51,4,0,4
BRDA:56,5,0,0
BRDA:56,5,1,4
BRDA:59,6,0,0
BRDA:59,6,1,0
BRDA:69,7,0,20
BRDA:69,7,1,0
BRDA:72,8,0,0
BRDA:72,8,1,60
BRDA:79,9,0,4
BRDA:79,9,1,16
BRDA:94,10,0,4
BRDA:94,10,1,0
BRDA:99,11,0,0
BRDA:99,11,1,0
BRDA:109,12,0,2
BRDA:122,13,0,2
BRDA:122,13,1,2
BRDA:123,14,0,0
BRDA:123,14,1,4
BRDA:124,15,0,2
BRDA:124,15,1,2
BRDA:125,16,0,1
BRDA:125,16,1,3
BRDA:145,17,0,6
BRDA:145,17,1,3
BRDA:149,18,0,2
BRDA:149,18,1,0
BRDA:157,19,0,1
BRDA:157,19,1,1
BRDA:181,20,0,0
BRDA:181,20,1,0
BRDA:181,21,0,0
BRDA:181,21,1,0
BRDA:186,22,0,0
BRDA:186,22,1,0
BRDA:186,23,0,0
BRDA:186,23,1,0
BRDA:190,24,0,0
BRDA:190,24,1,0
BRDA:207,25,0,0
BRDA:207,25,1,0
BRF:50
BRH:24
end_of_record
TN:
SF:src\llm\client.ts
FN:26,isRetryableError
FN:28,(anonymous_10)
FN:37,fetchWithRetry
FN:72,(anonymous_12)
FN:136,(anonymous_13)
FN:154,(anonymous_14)
FN:161,(anonymous_15)
FN:235,(anonymous_16)
FN:270,(anonymous_17)
FN:278,(anonymous_18)
FN:291,(anonymous_19)
FN:297,(anonymous_20)
FN:309,(anonymous_21)
FN:367,(anonymous_22)
FN:375,(anonymous_23)
FN:390,(anonymous_24)
FN:390,(anonymous_25)
FN:393,(anonymous_26)
FN:415,(anonymous_27)
FN:477,(anonymous_28)
FN:488,(anonymous_29)
FN:494,(anonymous_30)
FNF:22
FNH:11
FNDA:1,isRetryableError
FNDA:9,(anonymous_10)
FNDA:4,fetchWithRetry
FNDA:0,(anonymous_12)
FNDA:14,(anonymous_13)
FNDA:4,(anonymous_14)
FNDA:4,(anonymous_15)
FNDA:0,(anonymous_16)
FNDA:4,(anonymous_17)
FNDA:4,(anonymous_18)
FNDA:0,(anonymous_19)
FNDA:4,(anonymous_20)
FNDA:0,(anonymous_21)
FNDA:0,(anonymous_22)
FNDA:0,(anonymous_23)
FNDA:0,(anonymous_24)
FNDA:0,(anonymous_25)
FNDA:0,(anonymous_26)
FNDA:0,(anonymous_27)
FNDA:7,(anonymous_28)
FNDA:0,(anonymous_29)
FNDA:3,(anonymous_30)
DA:11,1
DA:27,1
DA:28,9
DA:43,4
DA:45,4
DA:46,4
DA:47,4
DA:49,1
DA:52,1
DA:53,1
DA:54,0
DA:58,1
DA:60,1
DA:64,0
DA:66,0
DA:67,0
DA:69,0
DA:70,0
DA:72,0
DA:77,0
DA:129,1
DA:133,14
DA:134,14
DA:137,14
DA:138,14
DA:139,14
DA:141,14
DA:142,14
DA:143,1
DA:146,13
DA:147,13
DA:148,13
DA:155,4
DA:162,4
DA:163,0
DA:166,4
DA:168,4
DA:170,3
DA:171,3
DA:175,0
DA:177,0
DA:178,0
DA:181,0
DA:194,0
DA:195,0
DA:196,0
DA:197,0
DA:198,0
DA:199,0
DA:200,0
DA:206,0
DA:207,0
DA:208,0
DA:209,0
DA:210,0
DA:211,0
DA:216,0
DA:217,0
DA:218,0
DA:220,0
DA:224,0
DA:227,4
DA:237,0
DA:238,0
DA:241,0
DA:242,0
DA:243,0
DA:257,0
DA:260,0
DA:262,0
DA:265,0
DA:266,0
DA:272,4
DA:274,4
DA:276,4
DA:278,4
DA:283,4
DA:284,1
DA:286,1
DA:289,1
DA:290,0
DA:291,0
DA:292,0
DA:297,4
DA:298,4
DA:308,4
DA:309,1
DA:310,1
DA:312,1
DA:313,1
DA:314,1
DA:315,1
DA:316,1
DA:317,0
DA:321,0
DA:324,1
DA:327,3
DA:332,3
DA:333,3
DA:336,0
DA:337,0
DA:339,3
DA:342,3
DA:343,1
DA:344,1
DA:346,1
DA:347,1
DA:348,1
DA:352,1
DA:353,1
DA:354,1
DA:356,1
DA:359,1
DA:360,1
DA:363,2
DA:364,2
DA:369,0
DA:371,0
DA:373,0
DA:375,0
DA:380,0
DA:381,0
DA:383,0
DA:386,0
DA:387,0
DA:390,0
DA:391,0
DA:393,0
DA:400,0
DA:405,0
DA:414,0
DA:415,0
DA:417,0
DA:418,0
DA:419,0
DA:420,0
DA:421,0
DA:422,0
DA:423,0
DA:424,0
DA:431,0
DA:432,0
DA:433,0
DA:436,0
DA:437,0
DA:440,0
DA:441,0
DA:442,0
DA:444,0
DA:445,0
DA:446,0
DA:447,0
DA:449,0
DA:450,0
DA:451,0
DA:453,0
DA:454,0
DA:455,0
DA:457,0
DA:458,0
DA:459,0
DA:460,0
DA:461,0
DA:462,0
DA:463,0
DA:467,0
DA:473,0
DA:478,7
DA:479,7
DA:487,7
DA:488,2
DA:489,2
DA:492,5
DA:493,5
DA:494,5
LF:175
LH:76
BRDA:39,0,0,4
BRDA:40,1,0,4
BRDA:49,2,0,1
BRDA:49,2,1,0
BRDA:53,3,0,0
BRDA:53,3,1,1
BRDA:58,4,0,1
BRDA:58,4,1,0
BRDA:78,5,0,0
BRDA:78,5,1,0
BRDA:141,6,0,14
BRDA:141,6,1,2
BRDA:142,7,0,1
BRDA:142,7,1,13
BRDA:147,8,0,13
BRDA:147,8,1,11
BRDA:147,8,2,11
BRDA:148,9,0,13
BRDA:148,9,1,12
BRDA:148,9,2,12
BRDA:162,10,0,0
BRDA:162,10,1,4
BRDA:170,11,0,3
BRDA:170,11,1,0
BRDA:177,12,0,0
BRDA:177,12,1,0
BRDA:196,13,0,0
BRDA:196,13,1,0
BRDA:198,14,0,0
BRDA:198,14,1,0
BRDA:206,15,0,0
BRDA:206,15,1,0
BRDA:209,16,0,0
BRDA:209,16,1,0
BRDA:216,17,0,0
BRDA:216,17,1,0
BRDA:237,18,0,0
BRDA:237,18,1,0
BRDA:270,19,0,3
BRDA:283,20,0,1
BRDA:283,20,1,3
BRDA:283,21,0,4
BRDA:283,21,1,1
BRDA:289,22,0,0
BRDA:289,22,1,1
BRDA:289,23,0,1
BRDA:289,23,1,1
BRDA:308,24,0,1
BRDA:308,24,1,3
BRDA:314,25,0,1
BRDA:314,25,1,0
BRDA:316,26,0,0
BRDA:316,26,1,1
BRDA:321,27,0,0
BRDA:321,27,1,0
BRDA:336,28,0,0
BRDA:336,28,1,0
BRDA:342,29,0,1
BRDA:342,29,1,2
BRDA:342,30,0,3
BRDA:342,30,1,1
BRDA:343,31,0,1
BRDA:343,31,1,1
BRDA:347,32,0,1
BRDA:347,32,1,0
BRDA:348,33,0,1
BRDA:348,33,1,0
BRDA:350,34,0,0
BRDA:350,34,1,0
BRDA:350,34,2,0
BRDA:363,35,0,2
BRDA:363,35,1,0
BRDA:380,36,0,0
BRDA:380,36,1,0
BRDA:380,37,0,0
BRDA:380,37,1,0
BRDA:386,38,0,0
BRDA:386,38,1,0
BRDA:386,39,0,0
BRDA:386,39,1,0
BRDA:395,40,0,0
BRDA:395,40,1,0
BRDA:395,41,0,0
BRDA:395,41,1,0
BRDA:414,42,0,0
BRDA:414,42,1,0
BRDA:420,43,0,0
BRDA:420,43,1,0
BRDA:422,44,0,0
BRDA:422,44,1,0
BRDA:432,45,0,0
BRDA:432,45,1,0
BRDA:433,46,0,0
BRDA:433,46,1,0
BRDA:436,47,0,0
BRDA:436,47,1,0
BRDA:447,48,0,0
BRDA:447,48,1,0
BRDA:451,49,0,0
BRDA:451,49,1,0
BRDA:455,50,0,0
BRDA:455,50,1,0
BRDA:455,51,0,0
BRDA:455,51,1,0
BRDA:457,52,0,0
BRDA:457,52,1,0
BRDA:462,53,0,0
BRDA:462,53,1,0
BRDA:487,54,0,2
BRDA:487,54,1,5
BRDA:493,55,0,5
BRDA:493,55,1,3
BRDA:493,55,2,3
BRF:113
BRH:43
end_of_record
TN:
SF:src\tools\parser.ts
FN:11,parseToolCalls
FN:88,formatToolResult
FNF:2
FNH:1
FNDA:12,parseToolCalls
FNDA:0,formatToolResult
DA:11,1
DA:15,12
DA:16,12
DA:19,12
DA:20,12
DA:22,12
DA:24,1
DA:28,11
DA:30,11
DA:31,11
DA:34,11
DA:35,11
DA:37,11
DA:38,12
DA:39,12
DA:43,12
DA:44,12
DA:45,12
DA:47,12
DA:48,16
DA:49,16
DA:52,16
DA:53,16
DA:54,0
DA:58,16
DA:59,0
DA:60,0
DA:64,16
DA:65,1
DA:66,15
DA:67,1
DA:68,14
DA:69,2
DA:72,16
DA:75,12
DA:82,11
DA:88,1
DA:89,0
DA:90,0
DA:92,0
LF:40
LH:34
BRDA:22,0,0,1
BRDA:22,0,1,11
BRDA:53,1,0,0
BRDA:53,1,1,16
BRDA:58,2,0,0
BRDA:58,2,1,16
BRDA:58,3,0,16
BRDA:58,3,1,16
BRDA:64,4,0,1
BRDA:64,4,1,15
BRDA:66,5,0,1
BRDA:66,5,1,14
BRDA:68,6,0,2
BRDA:68,6,1,12
BRDA:68,7,0,14
BRDA:68,7,1,2
BRDA:89,8,0,0
BRDA:89,8,1,0
BRF:18
BRH:14
end_of_record
TN:
SF:src\utils\git.ts
FN:12,findGitRoot
FN:32,isInGitRepo
FN:41,getProjectRoot
FN:51,getRelativeToGitRoot
FNF:4
FNH:4
FNDA:11,findGitRoot
FNDA:2,isInGitRepo
FNDA:2,getProjectRoot
FNDA:2,getRelativeToGitRoot
DA:4,2
DA:5,2
DA:12,2
DA:13,11
DA:14,11
DA:16,11
DA:17,47
DA:18,47
DA:19,3
DA:21,44
DA:24,8
DA:32,2
DA:33,2
DA:41,2
DA:42,2
DA:51,2
DA:52,2
DA:53,2
DA:54,1
DA:56,1
LF:20
LH:20
BRDA:12,0,0,0
BRDA:18,1,0,3
BRDA:18,1,1,44
BRDA:32,2,0,0
BRDA:41,3,0,0
BRDA:42,4,0,2
BRDA:42,4,1,1
BRDA:52,5,0,2
BRDA:52,5,1,1
BRDA:53,6,0,1
BRDA:53,6,1,1
BRF:11
BRH:8
end_of_record
